CX51 COMPILER V8.01   VTI                                                                  08/01/2006 14:49:02 PAGE 1   


CX51 COMPILER V8.01, COMPILATION OF MODULE VTI
OBJECT MODULE PLACED IN Vti.OBJ
COMPILER INVOKED BY: C:\Keil\C51\BIN\CX51.EXE Vti.c LARGE OBJECTADVANCED ROM(HUGE) OPTIMIZE(SIZE) BROWSE DEBUG CODE SYMB
                    -OLS

line level    source

   1          #define SERIALPROCESS_VTI_C
   2          #include "device.h"
   3          #include "serial1.h"
   4          #include "casher.h"
   5          #include "common.h"
   6          #include "vti.h"
   7          #include "debug.h"
   8          
   9          SERAIL1PARAM  code ZhkVtiSerialParam =
  10          {
  11                  7 , VERIFY_EVEN , 1 , 0x00 , 0x96 , 0x00
  12          };
  13          
  14          
  15          void ZhkVtiSerialInit( void )
  16          {
  17   1              unsigned char data i;
  18   1              for( i = 0 ; i < sizeof( SERAIL1PARAM ) ; i ++ )
  19   1                      ZhkSerial1Param[ i ] = ZhkVtiSerialParam[ i ];
  20   1              ZhkSerial1Init();
  21   1      }
  22          
  23          void ZhkVtiSendCmd( unsigned char idata* buf , unsigned char style )
  24          {
  25   1              static unsigned char data state = 0x10;
  26   1              unsigned char data i,sum;
  27   1      
  28   1              if ( state != 0x10 ) state = 0x11;
  29   1              if ( style > 1 ) return;
  30   1              if ( style == 1 ) state ^= 0x01;
  31   1      
  32   1              // 发送帧头
  33   1              ZhkSerial1PutCh( VTISERIAL_FRAMEHEAD );
  34   1              // 发送数据长度
  35   1              sum = 0x08;
  36   1              ZhkSerial1PutCh( sum );
  37   1      
  38   1              // 发送状态字
  39   1              sum ^= state;
  40   1              ZhkSerial1PutCh( state );
  41   1              for( i = 0 ; i < 3 ; i ++ )
  42   1              {
  43   2                      ZhkSerial1PutCh( buf[ i ] );            
  44   2                      sum ^= buf[ i ];
  45   2              }
  46   1              ZhkSerial1PutCh( VTISERIAL_FRAMETAIL ); 
  47   1              ZhkSerial1PutCh( sum );
  48   1      }
  49          
  50          void ZhkVtiAcceptCash( void )
  51          {
  52   1              unsigned char data buf[ 3 ];
  53   1              
  54   1              buf[ 0 ] = 0x03;
CX51 COMPILER V8.01   VTI                                                                  08/01/2006 14:49:02 PAGE 2   

  55   1          buf[ 1 ] = 0x34;
  56   1          buf[ 2 ] = 0x00;
  57   1              
  58   1              ZhkVtiSendCmd( buf , 1 );
  59   1      }
  60          
  61          void ZhkVtiRejectCash( void )
  62          {
  63   1              unsigned char data buf[ 3 ];
  64   1      
  65   1              buf[ 0 ] = 0x00;
  66   1          buf[ 1 ] = 0x54;
  67   1          buf[ 2 ] = 0x00;
  68   1      
  69   1              ZhkVtiSendCmd( buf , 1 );
  70   1      }
  71          
  72          void ZhkVtiAck( void )
  73          {
  74   1              unsigned char data buf[ 3 ];
  75   1              
  76   1              buf[ 0 ] = 0x03;
  77   1          buf[ 1 ] = 0x14;
  78   1          buf[ 2 ] = 0x00; 
  79   1      
  80   1              ZhkVtiSendCmd( buf , 1 );
  81   1      }
CX51 COMPILER V8.01   VTI                                                                  08/01/2006 14:49:02 PAGE 3   

ASSEMBLY LISTING OF GENERATED OBJECT CODE


             ; FUNCTION ZhkVtiSerialInit (BEGIN)
                                           ; SOURCE LINE # 15
                                           ; SOURCE LINE # 16
                                           ; SOURCE LINE # 18
                       CLR     A
                 R     MOV     i,A
             ?C0001:
                                           ; SOURCE LINE # 19
                 R     MOV     A,i
                 R     MOV     DPTR,#ZhkVtiSerialParam
                       MOVC    A,@A+DPTR
                       MOV     R7,A
                 E     MOV     A,#LOW ZhkSerial1Param
                 R     ADD     A,i
                       MOV     DPL,A
                       CLR     A
                 E     ADDC    A,#HIGH ZhkSerial1Param
                       MOV     DPH,A
                       MOV     A,R7
                       MOVX    @DPTR,A
                 R     INC     i
                 R     MOV     A,i
                 R     xJNE    A,#06H,?C0001
             ?C0002:
                                           ; SOURCE LINE # 20
                 E     EJMP    ZhkSerial1Init
             ; FUNCTION ZhkVtiSerialInit (END)

             ; FUNCTION _ZhkVtiSendCmd (BEGIN)
                                           ; SOURCE LINE # 23
                 R     MOV     DPTR,#buf
                       MOV     A,R7
                       MOVX    @DPTR,A
;---- Variable 'style' assigned to Register 'R5' ----
                                           ; SOURCE LINE # 24
                                           ; SOURCE LINE # 28
                 R     MOV     A,state
                       XRL     A,#010H
                 R     xJZ     ?C0005
                 R     MOV     state,#011H
             ?C0005:
                                           ; SOURCE LINE # 29
                       MOV     A,R5
                       SETB    C
                       SUBB    A,#01H
                 R     xJGE    ?C0007
             ?C0006:
                                           ; SOURCE LINE # 30
                       MOV     A,R5
                 R     xJNE    A,#01H,?C0008
                 R     XRL     state,#01H
             ?C0008:
                                           ; SOURCE LINE # 33
                       MOV     R7,#02H
                 E     ECALL   _ZhkSerial1PutCh
                                           ; SOURCE LINE # 35
                 R     MOV     sum,#08H
                                           ; SOURCE LINE # 36
                 R     MOV     R7,sum
CX51 COMPILER V8.01   VTI                                                                  08/01/2006 14:49:02 PAGE 4   

                 E     ECALL   _ZhkSerial1PutCh
                                           ; SOURCE LINE # 39
                 R     MOV     A,state
                 R     XRL     sum,A
                                           ; SOURCE LINE # 40
                       MOV     R7,A
                 E     ECALL   _ZhkSerial1PutCh
                                           ; SOURCE LINE # 41
                       CLR     A
                 R     MOV     i,A
             ?C0009:
                                           ; SOURCE LINE # 42
                                           ; SOURCE LINE # 43
                 R     MOV     DPTR,#buf
                       MOVX    A,@DPTR
                 R     ADD     A,i
                       MOV     R0,A
                       MOV     A,@R0
                       MOV     R7,A
                 E     ECALL   _ZhkSerial1PutCh
                                           ; SOURCE LINE # 44
                 R     MOV     DPTR,#buf
                       MOVX    A,@DPTR
                 R     ADD     A,i
                       MOV     R0,A
                       MOV     A,@R0
                 R     XRL     sum,A
                                           ; SOURCE LINE # 45
                 R     INC     i
                 R     MOV     A,i
                       CLR     C
                       SUBB    A,#03H
                 R     xJLT    ?C0009
             ?C0010:
                                           ; SOURCE LINE # 46
                       MOV     R7,#03H
                 E     ECALL   _ZhkSerial1PutCh
                                           ; SOURCE LINE # 47
                 R     MOV     R7,sum
                 E     ECALL   _ZhkSerial1PutCh
                                           ; SOURCE LINE # 48
             ?C0007:
                       ERET    
             ; FUNCTION _ZhkVtiSendCmd (END)

             ; FUNCTION ZhkVtiAcceptCash (BEGIN)
                                           ; SOURCE LINE # 50
                                           ; SOURCE LINE # 51
                                           ; SOURCE LINE # 54
                 R     MOV     buf,#03H
                                           ; SOURCE LINE # 55
                 R     MOV     buf+01H,#034H
                                           ; SOURCE LINE # 56
                       CLR     A
                 R     MOV     buf+02H,A
                                           ; SOURCE LINE # 58
                 R     MOV     R7,#LOW buf
                       MOV     R5,#01H
                 R     EJMP    _ZhkVtiSendCmd
             ; FUNCTION ZhkVtiAcceptCash (END)

             ; FUNCTION ZhkVtiRejectCash (BEGIN)
CX51 COMPILER V8.01   VTI                                                                  08/01/2006 14:49:02 PAGE 5   

                                           ; SOURCE LINE # 61
                                           ; SOURCE LINE # 62
                                           ; SOURCE LINE # 65
                       CLR     A
                 R     MOV     buf,A
                                           ; SOURCE LINE # 66
                 R     MOV     buf+01H,#054H
                                           ; SOURCE LINE # 67
                 R     MOV     buf+02H,A
                                           ; SOURCE LINE # 69
                 R     MOV     R7,#LOW buf
                       MOV     R5,#01H
                 R     EJMP    _ZhkVtiSendCmd
             ; FUNCTION ZhkVtiRejectCash (END)

             ; FUNCTION ZhkVtiAck (BEGIN)
                                           ; SOURCE LINE # 72
                                           ; SOURCE LINE # 73
                                           ; SOURCE LINE # 76
                 R     MOV     buf,#03H
                                           ; SOURCE LINE # 77
                 R     MOV     buf+01H,#014H
                                           ; SOURCE LINE # 78
                       CLR     A
                 R     MOV     buf+02H,A
                                           ; SOURCE LINE # 80
                 R     MOV     R7,#LOW buf
                       MOV     R5,#01H
                 R     EJMP    _ZhkVtiSendCmd
             ; FUNCTION ZhkVtiAck (END)

CX51 COMPILER V8.01   VTI                                                                  08/01/2006 14:49:02 PAGE 6   

NAME                                    CLASS   MSPACE  TYPE    OFFSET  SIZE
====                                    =====   ======  ====    ======  ====


CCF2 . . . . . . . . . . . . . . . . .  ABSBIT   -----  BIT      00DAH  1
P0 . . . . . . . . . . . . . . . . . .  SFR      DATA   U_CHAR   0080H  1
CCF3 . . . . . . . . . . . . . . . . .  ABSBIT   -----  BIT      00DBH  1
P1 . . . . . . . . . . . . . . . . . .  SFR      DATA   U_CHAR   0090H  1
CCF4 . . . . . . . . . . . . . . . . .  ABSBIT   -----  BIT      00DCH  1
P2 . . . . . . . . . . . . . . . . . .  SFR      DATA   U_CHAR   00A0H  1
P3 . . . . . . . . . . . . . . . . . .  SFR      DATA   U_CHAR   00B0H  1
AC . . . . . . . . . . . . . . . . . .  ABSBIT   -----  BIT      00D6H  1
T0 . . . . . . . . . . . . . . . . . .  ABSBIT   -----  BIT      00B4H  1
EI2C . . . . . . . . . . . . . . . . .  ABSBIT   -----  BIT      00ECH  1
T1 . . . . . . . . . . . . . . . . . .  ABSBIT   -----  BIT      00B5H  1
T2 . . . . . . . . . . . . . . . . . .  ABSBIT   -----  BIT      0090H  1
EA . . . . . . . . . . . . . . . . . .  ABSBIT   -----  BIT      00AFH  1
MXCON. . . . . . . . . . . . . . . . .  SFR      DATA   U_CHAR   01FFH  1
SPCTL. . . . . . . . . . . . . . . . .  SFR      DATA   U_CHAR   00E2H  1
EC . . . . . . . . . . . . . . . . . .  ABSBIT   -----  BIT      00AEH  1
CF . . . . . . . . . . . . . . . . . .  ABSBIT   -----  BIT      00DFH  1
CH . . . . . . . . . . . . . . . . . .  SFR      DATA   U_CHAR   00F9H  1
_ZhkSerial1PutCh . . . . . . . . . . .  EXTERN   CODE   PROC     -----  -----
IEN0 . . . . . . . . . . . . . . . . .  SFR      DATA   U_CHAR   00A8H  1
PinAddr16. . . . . . . . . . . . . . .  ABSBIT   -----  BIT      0095H  1
IEN1 . . . . . . . . . . . . . . . . .  SFR      DATA   U_CHAR   00E8H  1
IE . . . . . . . . . . . . . . . . . .  SFR      DATA   U_CHAR   00A8H  1
PinAddr17. . . . . . . . . . . . . . .  ABSBIT   -----  BIT      0096H  1
PI2C . . . . . . . . . . . . . . . . .  ABSBIT   -----  BIT      00FCH  1
CL . . . . . . . . . . . . . . . . . .  SFR      DATA   U_CHAR   00E9H  1
PinAddr18. . . . . . . . . . . . . . .  ABSBIT   -----  BIT      0097H  1
CEX0 . . . . . . . . . . . . . . . . .  ABSBIT   -----  BIT      0093H  1
CCAP0H . . . . . . . . . . . . . . . .  SFR      DATA   U_CHAR   00FAH  1
size_t . . . . . . . . . . . . . . . .  TYPEDEF  -----  U_INT    -----  2
CEX1 . . . . . . . . . . . . . . . . .  ABSBIT   -----  BIT      0094H  1
IP0H . . . . . . . . . . . . . . . . .  SFR      DATA   U_CHAR   00B7H  1
CCAP1H . . . . . . . . . . . . . . . .  SFR      DATA   U_CHAR   00FBH  1
CEX2 . . . . . . . . . . . . . . . . .  ABSBIT   -----  BIT      0095H  1
IP1H . . . . . . . . . . . . . . . . .  SFR      DATA   U_CHAR   00F7H  1
CCAP2H . . . . . . . . . . . . . . . .  SFR      DATA   U_CHAR   00FCH  1
PinCTS . . . . . . . . . . . . . . . .  ABSBIT   -----  BIT      00B5H  1
CEX3 . . . . . . . . . . . . . . . . .  ABSBIT   -----  BIT      0096H  1
CCAP3H . . . . . . . . . . . . . . . .  SFR      DATA   U_CHAR   00FDH  1
CEX4 . . . . . . . . . . . . . . . . .  ABSBIT   -----  BIT      0097H  1
CR . . . . . . . . . . . . . . . . . .  ABSBIT   -----  BIT      00DEH  1
CCAP4H . . . . . . . . . . . . . . . .  SFR      DATA   U_CHAR   00FEH  1
CCAP0L . . . . . . . . . . . . . . . .  SFR      DATA   U_CHAR   00EAH  1
uchar. . . . . . . . . . . . . . . . .  TYPEDEF  -----  U_CHAR   -----  1
EXF2 . . . . . . . . . . . . . . . . .  ABSBIT   -----  BIT      00CEH  1
RD . . . . . . . . . . . . . . . . . .  ABSBIT   -----  BIT      00B7H  1
CCAPM0 . . . . . . . . . . . . . . . .  SFR      DATA   U_CHAR   00DAH  1
CCAP1L . . . . . . . . . . . . . . . .  SFR      DATA   U_CHAR   00EBH  1
CCAPM1 . . . . . . . . . . . . . . . .  SFR      DATA   U_CHAR   00DBH  1
CCAP2L . . . . . . . . . . . . . . . .  SFR      DATA   U_CHAR   00ECH  1
CCAPM2 . . . . . . . . . . . . . . . .  SFR      DATA   U_CHAR   00DCH  1
CCAP3L . . . . . . . . . . . . . . . .  SFR      DATA   U_CHAR   00EDH  1
IP . . . . . . . . . . . . . . . . . .  SFR      DATA   U_CHAR   00B8H  1
CCAPM3 . . . . . . . . . . . . . . . .  SFR      DATA   U_CHAR   00DDH  1
CCAP4L . . . . . . . . . . . . . . . .  SFR      DATA   U_CHAR   00EEH  1
CCAPM4 . . . . . . . . . . . . . . . .  SFR      DATA   U_CHAR   00DEH  1
FE_0 . . . . . . . . . . . . . . . . .  ABSBIT   -----  BIT      009FH  1
CX51 COMPILER V8.01   VTI                                                                  08/01/2006 14:49:02 PAGE 7   

NAME                                    CLASS   MSPACE  TYPE    OFFSET  SIZE
====                                    =====   ======  ====    ======  ====


ES0R . . . . . . . . . . . . . . . . .  ABSBIT   -----  BIT      00ACH  1
FE_1 . . . . . . . . . . . . . . . . .  ABSBIT   -----  BIT      0187H  1
CY . . . . . . . . . . . . . . . . . .  ABSBIT   -----  BIT      00D7H  1
INT0 . . . . . . . . . . . . . . . . .  ABSBIT   -----  BIT      00B2H  1
ES1R . . . . . . . . . . . . . . . . .  ABSBIT   -----  BIT      00E8H  1
S0ADEN . . . . . . . . . . . . . . . .  SFR      DATA   U_CHAR   00B9H  1
INT1 . . . . . . . . . . . . . . . . .  ABSBIT   -----  BIT      00B3H  1
ES0T . . . . . . . . . . . . . . . . .  ABSBIT   -----  BIT      00E9H  1
S1ADEN . . . . . . . . . . . . . . . .  SFR      DATA   U_CHAR   0183H  1
ES1T . . . . . . . . . . . . . . . . .  ABSBIT   -----  BIT      00EAH  1
RXD0 . . . . . . . . . . . . . . . . .  ABSBIT   -----  BIT      00B0H  1
S0ADDR . . . . . . . . . . . . . . . .  SFR      DATA   U_CHAR   00A9H  1
S1ADDR . . . . . . . . . . . . . . . .  SFR      DATA   U_CHAR   0182H  1
TXD0 . . . . . . . . . . . . . . . . .  ABSBIT   -----  BIT      00B1H  1
RCAP2H . . . . . . . . . . . . . . . .  SFR      DATA   U_CHAR   00CBH  1
PinRTS . . . . . . . . . . . . . . . .  ABSBIT   -----  BIT      00B4H  1
SP . . . . . . . . . . . . . . . . . .  SFR      DATA   U_CHAR   0081H  1
T2EX . . . . . . . . . . . . . . . . .  ABSBIT   -----  BIT      0091H  1
CMOD . . . . . . . . . . . . . . . . .  SFR      DATA   U_CHAR   00D9H  1
CCON . . . . . . . . . . . . . . . . .  SFR      DATA   U_CHAR   00D8H  1
PinAlarmSIn. . . . . . . . . . . . . .  ABSBIT   -----  BIT      00B2H  1
OV . . . . . . . . . . . . . . . . . .  ABSBIT   -----  BIT      00D2H  1
RCAP2L . . . . . . . . . . . . . . . .  SFR      DATA   U_CHAR   00CAH  1
PS0R . . . . . . . . . . . . . . . . .  ABSBIT   -----  BIT      00BCH  1
PS1R . . . . . . . . . . . . . . . . .  ABSBIT   -----  BIT      00F8H  1
ulong. . . . . . . . . . . . . . . . .  TYPEDEF  -----  U_LONG   -----  4
PS0T . . . . . . . . . . . . . . . . .  ABSBIT   -----  BIT      00F9H  1
C_T2 . . . . . . . . . . . . . . . . .  ABSBIT   -----  BIT      00C9H  1
WR . . . . . . . . . . . . . . . . . .  ABSBIT   -----  BIT      00B6H  1
PS1T . . . . . . . . . . . . . . . . .  ABSBIT   -----  BIT      00FAH  1
RI_0 . . . . . . . . . . . . . . . . .  ABSBIT   -----  BIT      0098H  1
RI_1 . . . . . . . . . . . . . . . . .  ABSBIT   -----  BIT      0180H  1
RCLK . . . . . . . . . . . . . . . . .  ABSBIT   -----  BIT      00CDH  1
TI_0 . . . . . . . . . . . . . . . . .  ABSBIT   -----  BIT      0099H  1
TI_1 . . . . . . . . . . . . . . . . .  ABSBIT   -----  BIT      0181H  1
PinBuzzer. . . . . . . . . . . . . . .  ABSBIT   -----  BIT      0083H  1
TCLK . . . . . . . . . . . . . . . . .  ABSBIT   -----  BIT      00CCH  1
PinStatus. . . . . . . . . . . . . . .  ABSBIT   -----  BIT      0085H  1
SBUF . . . . . . . . . . . . . . . . .  SFR      DATA   U_CHAR   0099H  1
PCON . . . . . . . . . . . . . . . . .  SFR      DATA   U_CHAR   0087H  1
PinLock. . . . . . . . . . . . . . . .  ABSBIT   -----  BIT      0094H  1
SCON . . . . . . . . . . . . . . . . .  SFR      DATA   U_CHAR   0098H  1
TMOD . . . . . . . . . . . . . . . . .  SFR      DATA   U_CHAR   0089H  1
TCON . . . . . . . . . . . . . . . . .  SFR      DATA   U_CHAR   0088H  1
AD0. . . . . . . . . . . . . . . . . .  ABSBIT   -----  BIT      0080H  1
AD1. . . . . . . . . . . . . . . . . .  ABSBIT   -----  BIT      0081H  1
AD2. . . . . . . . . . . . . . . . . .  ABSBIT   -----  BIT      0082H  1
AD3. . . . . . . . . . . . . . . . . .  ABSBIT   -----  BIT      0083H  1
ZhkSerial1Param. . . . . . . . . . . .  EXTERN   XDATA  ARRAY    -----  6
MOSI . . . . . . . . . . . . . . . . .  ABSBIT   -----  BIT      0094H  1
AD4. . . . . . . . . . . . . . . . . .  ABSBIT   -----  BIT      0084H  1
ZhkVtiAcceptCash . . . . . . . . . . .  PUBLIC   CODE   PROC     0000H  -----
  buf. . . . . . . . . . . . . . . . .  AUTO     DATA   ARRAY    0000H  3
AD5. . . . . . . . . . . . . . . . . .  ABSBIT   -----  BIT      0085H  1
AD6. . . . . . . . . . . . . . . . . .  ABSBIT   -----  BIT      0086H  1
AD7. . . . . . . . . . . . . . . . . .  ABSBIT   -----  BIT      0087H  1
ZhkVtiSerialParam. . . . . . . . . . .  PUBLIC   CODE   ARRAY    0000H  6
CX51 COMPILER V8.01   VTI                                                                  08/01/2006 14:49:02 PAGE 8   

NAME                                    CLASS   MSPACE  TYPE    OFFSET  SIZE
====                                    =====   ======  ====    ======  ====


AD8. . . . . . . . . . . . . . . . . .  ABSBIT   -----  BIT      0080H  1
BRGCON . . . . . . . . . . . . . . . .  SFR      DATA   U_CHAR   0185H  1
IE0. . . . . . . . . . . . . . . . . .  ABSBIT   -----  BIT      0089H  1
AD9. . . . . . . . . . . . . . . . . .  ABSBIT   -----  BIT      0081H  1
IE1. . . . . . . . . . . . . . . . . .  ABSBIT   -----  BIT      008BH  1
PinCoinerEn. . . . . . . . . . . . . .  ABSBIT   -----  BIT      0084H  1
S0STAT . . . . . . . . . . . . . . . .  SFR      DATA   U_CHAR   018CH  1
B. . . . . . . . . . . . . . . . . . .  SFR      DATA   U_CHAR   00F0H  1
AUXR . . . . . . . . . . . . . . . . .  SFR      DATA   U_CHAR   008EH  1
uint . . . . . . . . . . . . . . . . .  TYPEDEF  -----  U_INT    -----  2
S1STAT . . . . . . . . . . . . . . . .  SFR      DATA   U_CHAR   0184H  1
CP_RL2 . . . . . . . . . . . . . . . .  ABSBIT   -----  BIT      00C8H  1
ZhkVtiRejectCash . . . . . . . . . . .  PUBLIC   CODE   PROC     0000H  -----
  buf. . . . . . . . . . . . . . . . .  AUTO     DATA   ARRAY    0000H  3
ACC. . . . . . . . . . . . . . . . . .  SFR      DATA   U_CHAR   00E0H  1
SPICLK . . . . . . . . . . . . . . . .  ABSBIT   -----  BIT      0095H  1
ES0. . . . . . . . . . . . . . . . . .  ABSBIT   -----  BIT      00ACH  1
IP0. . . . . . . . . . . . . . . . . .  SFR      DATA   U_CHAR   00B8H  1
ES1. . . . . . . . . . . . . . . . . .  ABSBIT   -----  BIT      00E8H  1
ET0. . . . . . . . . . . . . . . . . .  ABSBIT   -----  BIT      00A9H  1
TF0. . . . . . . . . . . . . . . . . .  ABSBIT   -----  BIT      008DH  1
IP1. . . . . . . . . . . . . . . . . .  SFR      DATA   U_CHAR   00F8H  1
ET1. . . . . . . . . . . . . . . . . .  ABSBIT   -----  BIT      00ABH  1
TF1. . . . . . . . . . . . . . . . . .  ABSBIT   -----  BIT      008FH  1
ET2. . . . . . . . . . . . . . . . . .  ABSBIT   -----  BIT      00ADH  1
TH0. . . . . . . . . . . . . . . . . .  SFR      DATA   U_CHAR   008CH  1
TF2. . . . . . . . . . . . . . . . . .  ABSBIT   -----  BIT      00CFH  1
TH1. . . . . . . . . . . . . . . . . .  SFR      DATA   U_CHAR   008DH  1
IT0. . . . . . . . . . . . . . . . . .  ABSBIT   -----  BIT      0088H  1
EX0. . . . . . . . . . . . . . . . . .  ABSBIT   -----  BIT      00A8H  1
TH2. . . . . . . . . . . . . . . . . .  SFR      DATA   U_CHAR   00CDH  1
IT1. . . . . . . . . . . . . . . . . .  ABSBIT   -----  BIT      008AH  1
EX1. . . . . . . . . . . . . . . . . .  ABSBIT   -----  BIT      00AAH  1
P. . . . . . . . . . . . . . . . . . .  ABSBIT   -----  BIT      00D0H  1
TL0. . . . . . . . . . . . . . . . . .  SFR      DATA   U_CHAR   008AH  1
PinPowerCtrl . . . . . . . . . . . . .  ABSBIT   -----  BIT      0086H  1
TL1. . . . . . . . . . . . . . . . . .  SFR      DATA   U_CHAR   008BH  1
ECI. . . . . . . . . . . . . . . . . .  ABSBIT   -----  BIT      0092H  1
TL2. . . . . . . . . . . . . . . . . .  SFR      DATA   U_CHAR   00CCH  1
PS0. . . . . . . . . . . . . . . . . .  ABSBIT   -----  BIT      00BCH  1
I2CLH. . . . . . . . . . . . . . . . .  SFR      DATA   U_CHAR   0096H  1
I2ADR. . . . . . . . . . . . . . . . .  SFR      DATA   U_CHAR   0094H  1
PS1. . . . . . . . . . . . . . . . . .  ABSBIT   -----  BIT      00F8H  1
PT0. . . . . . . . . . . . . . . . . .  ABSBIT   -----  BIT      00B9H  1
RS0. . . . . . . . . . . . . . . . . .  ABSBIT   -----  BIT      00D3H  1
PT1. . . . . . . . . . . . . . . . . .  ABSBIT   -----  BIT      00BBH  1
I2DAT. . . . . . . . . . . . . . . . .  SFR      DATA   U_CHAR   0093H  1
PinPowerOff. . . . . . . . . . . . . .  ABSBIT   -----  BIT      0081H  1
TR0. . . . . . . . . . . . . . . . . .  ABSBIT   -----  BIT      008CH  1
RS1. . . . . . . . . . . . . . . . . .  ABSBIT   -----  BIT      00D4H  1
PT2. . . . . . . . . . . . . . . . . .  ABSBIT   -----  BIT      00BDH  1
TR1. . . . . . . . . . . . . . . . . .  ABSBIT   -----  BIT      008EH  1
I2CLL. . . . . . . . . . . . . . . . .  SFR      DATA   U_CHAR   0095H  1
TR2. . . . . . . . . . . . . . . . . .  ABSBIT   -----  BIT      00CAH  1
PX0. . . . . . . . . . . . . . . . . .  ABSBIT   -----  BIT      00B8H  1
PX1. . . . . . . . . . . . . . . . . .  ABSBIT   -----  BIT      00BAH  1
ZhkSerial1Init . . . . . . . . . . . .  EXTERN   CODE   PROC     -----  -----
CX51 COMPILER V8.01   VTI                                                                  08/01/2006 14:49:02 PAGE 9   

NAME                                    CLASS   MSPACE  TYPE    OFFSET  SIZE
====                                    =====   ======  ====    ======  ====


RB8_0. . . . . . . . . . . . . . . . .  ABSBIT   -----  BIT      009AH  1
I2CON. . . . . . . . . . . . . . . . .  SFR      DATA   U_CHAR   0091H  1
DPH. . . . . . . . . . . . . . . . . .  SFR      DATA   U_CHAR   0083H  1
PinSa. . . . . . . . . . . . . . . . .  ABSBIT   -----  BIT      0080H  1
RB8_1. . . . . . . . . . . . . . . . .  ABSBIT   -----  BIT      0182H  1
EPH. . . . . . . . . . . . . . . . . .  SFR      DATA   U_CHAR   01FEH  1
PinSb. . . . . . . . . . . . . . . . .  ABSBIT   -----  BIT      0081H  1
TB8_0. . . . . . . . . . . . . . . . .  ABSBIT   -----  BIT      009BH  1
BRGR0. . . . . . . . . . . . . . . . .  SFR      DATA   U_CHAR   0186H  1
ZhkVtiSerialInit . . . . . . . . . . .  PUBLIC   CODE   PROC     0000H  -----
  i. . . . . . . . . . . . . . . . . .  AUTO     DATA   U_CHAR   0000H  1
PinSc. . . . . . . . . . . . . . . . .  ABSBIT   -----  BIT      0082H  1
TB8_1. . . . . . . . . . . . . . . . .  ABSBIT   -----  BIT      0183H  1
BRGR1. . . . . . . . . . . . . . . . .  SFR      DATA   U_CHAR   0187H  1
SM0_0. . . . . . . . . . . . . . . . .  ABSBIT   -----  BIT      009FH  1
DPL. . . . . . . . . . . . . . . . . .  SFR      DATA   U_CHAR   0082H  1
SM0_1. . . . . . . . . . . . . . . . .  ABSBIT   -----  BIT      0187H  1
S0BUF. . . . . . . . . . . . . . . . .  SFR      DATA   U_CHAR   0099H  1
SM1_0. . . . . . . . . . . . . . . . .  ABSBIT   -----  BIT      009EH  1
IPH. . . . . . . . . . . . . . . . . .  SFR      DATA   U_CHAR   00B7H  1
EPL. . . . . . . . . . . . . . . . . .  SFR      DATA   U_CHAR   01FCH  1
S1BUF. . . . . . . . . . . . . . . . .  SFR      DATA   U_CHAR   0181H  1
SM1_1. . . . . . . . . . . . . . . . .  ABSBIT   -----  BIT      0186H  1
SM2_0. . . . . . . . . . . . . . . . .  ABSBIT   -----  BIT      009DH  1
EPM. . . . . . . . . . . . . . . . . .  SFR      DATA   U_CHAR   01FDH  1
EXEN2. . . . . . . . . . . . . . . . .  ABSBIT   -----  BIT      00CBH  1
SM2_1. . . . . . . . . . . . . . . . .  ABSBIT   -----  BIT      0185H  1
PPC. . . . . . . . . . . . . . . . . .  ABSBIT   -----  BIT      00BEH  1
S0CON. . . . . . . . . . . . . . . . .  SFR      DATA   U_CHAR   0098H  1
I2STA. . . . . . . . . . . . . . . . .  SFR      DATA   U_CHAR   0092H  1
S1CON. . . . . . . . . . . . . . . . .  SFR      DATA   U_CHAR   0180H  1
_ZhkVtiSendCmd . . . . . . . . . . . .  PUBLIC   CODE   PROC     0000H  -----
  buf. . . . . . . . . . . . . . . . .  AUTO     XDATA  PTR      0000H  1
  style. . . . . . . . . . . . . . . .  * REG *  DATA   U_CHAR   0005H  1
  state. . . . . . . . . . . . . . . .  STATIC   DATA   U_CHAR   0000H  1
  i. . . . . . . . . . . . . . . . . .  AUTO     DATA   U_CHAR   0000H  1
  sum. . . . . . . . . . . . . . . . .  AUTO     DATA   U_CHAR   0001H  1
AD10 . . . . . . . . . . . . . . . . .  ABSBIT   -----  BIT      0082H  1
SERAIL1PARAM . . . . . . . . . . . . .  TYPEDEF  -----  ARRAY    -----  6
T2MOD. . . . . . . . . . . . . . . . .  SFR      DATA   U_CHAR   00C9H  1
T2CON. . . . . . . . . . . . . . . . .  SFR      DATA   U_CHAR   00C8H  1
AD11 . . . . . . . . . . . . . . . . .  ABSBIT   -----  BIT      0083H  1
AD20 . . . . . . . . . . . . . . . . .  ABSBIT   -----  BIT      0084H  1
SPE. . . . . . . . . . . . . . . . . .  SFR      DATA   U_CHAR   01FBH  1
AD12 . . . . . . . . . . . . . . . . .  ABSBIT   -----  BIT      0084H  1
AD21 . . . . . . . . . . . . . . . . .  ABSBIT   -----  BIT      0085H  1
AD13 . . . . . . . . . . . . . . . . .  ABSBIT   -----  BIT      0085H  1
AD22 . . . . . . . . . . . . . . . . .  ABSBIT   -----  BIT      0086H  1
WDTRST . . . . . . . . . . . . . . . .  SFR      DATA   U_CHAR   00A6H  1
AD14 . . . . . . . . . . . . . . . . .  ABSBIT   -----  BIT      0086H  1
AD15 . . . . . . . . . . . . . . . . .  ABSBIT   -----  BIT      0087H  1
PinCoinIn. . . . . . . . . . . . . . .  ABSBIT   -----  BIT      00B3H  1
AD16 . . . . . . . . . . . . . . . . .  ABSBIT   -----  BIT      0080H  1
AD17 . . . . . . . . . . . . . . . . .  ABSBIT   -----  BIT      0081H  1
RXD. . . . . . . . . . . . . . . . . .  ABSBIT   -----  BIT      00B0H  1
AD18 . . . . . . . . . . . . . . . . .  ABSBIT   -----  BIT      0082H  1
AD19 . . . . . . . . . . . . . . . . .  ABSBIT   -----  BIT      0083H  1
CX51 COMPILER V8.01   VTI                                                                  08/01/2006 14:49:02 PAGE 10  

NAME                                    CLASS   MSPACE  TYPE    OFFSET  SIZE
====                                    =====   ======  ====    ======  ====


TXD. . . . . . . . . . . . . . . . . .  ABSBIT   -----  BIT      00B1H  1
AUXR1. . . . . . . . . . . . . . . . .  SFR      DATA   U_CHAR   00A2H  1
ZhkVtiAck. . . . . . . . . . . . . . .  PUBLIC   CODE   PROC     0000H  -----
  buf. . . . . . . . . . . . . . . . .  AUTO     DATA   ARRAY    0000H  3
SPCFG. . . . . . . . . . . . . . . . .  SFR      DATA   U_CHAR   00E1H  1
REN_0. . . . . . . . . . . . . . . . .  ABSBIT   -----  BIT      009CH  1
F0 . . . . . . . . . . . . . . . . . .  ABSBIT   -----  BIT      00D5H  1
REN_1. . . . . . . . . . . . . . . . .  ABSBIT   -----  BIT      0184H  1
F1 . . . . . . . . . . . . . . . . . .  ABSBIT   -----  BIT      00D1H  1
PSW. . . . . . . . . . . . . . . . . .  SFR      DATA   U_CHAR   00D0H  1
PinModeSw. . . . . . . . . . . . . . .  ABSBIT   -----  BIT      0080H  1
WDCON. . . . . . . . . . . . . . . . .  SFR      DATA   U_CHAR   018FH  1
CCF0 . . . . . . . . . . . . . . . . .  ABSBIT   -----  BIT      00D8H  1
SPDAT. . . . . . . . . . . . . . . . .  SFR      DATA   U_CHAR   00E3H  1
CCF1 . . . . . . . . . . . . . . . . .  ABSBIT   -----  BIT      00D9H  1


MODULE INFORMATION:   STATIC OVERLAYABLE
   CODE SIZE        =    193    ----
   CONSTANT SIZE    =      6    ----
   XDATA SIZE       =   ----       1
   PDATA SIZE       =   ----    ----
   DATA SIZE        =      1      12
   IDATA SIZE       =   ----    ----
   BIT SIZE         =   ----    ----
   EDATA SIZE       =   ----    ----
   HDATA SIZE       =   ----    ----
   XDATA CONST SIZE =   ----    ----
   FAR CONST SIZE   =   ----    ----
END OF MODULE INFORMATION.


CX51 COMPILATION COMPLETE.  0 WARNING(S),  0 ERROR(S)
